Base path: C:/Program Files (x86)/Unity/Editor/Data
Pipe name: \\.\pipe\UnityShaderCompiler-1-6164
Cmd: getPlatforms
Cmd: compileSnippet
  error: 2 plat 8 at (81): 'vert': output parameter 'o' not completely initialized
  error: 1 plat 8 at (110): implicit truncation of vector type
  api=8 type=0 insize=6445 outsize=0 kw=DIRECTIONAL SHADOWS_SCREEN LIGHTMAP_OFF DIRLIGHTMAP_OFF ok=0
Cmd: compileSnippet
  error: 2 plat 4 at (81): 'vert': output parameter 'o' not completely initialized
  error: 1 plat 4 at (110): implicit truncation of vector type
  api=4 type=0 insize=6445 outsize=0 kw=DIRECTIONAL SHADOWS_OFF LIGHTMAP_OFF DIRLIGHTMAP_OFF VERTEXLIGHT_ON ok=0
Cmd: compileSnippet
  error: 2 plat 8 at (81): 'vert': output parameter 'o' not completely initialized
  error: 1 plat 8 at (110): implicit truncation of vector type
  api=8 type=0 insize=6445 outsize=0 kw=DIRECTIONAL SHADOWS_OFF LIGHTMAP_OFF DIRLIGHTMAP_OFF VERTEXLIGHT_ON ok=0
Cmd: compileSnippet
  error: 2 plat 4 at (81): 'vert': output parameter 'o' not completely initialized
  error: 1 plat 4 at (110): implicit truncation of vector type
  api=4 type=0 insize=6445 outsize=0 kw=DIRECTIONAL SHADOWS_SCREEN LIGHTMAP_OFF DIRLIGHTMAP_OFF VERTEXLIGHT_ON ok=0
Cmd: compileSnippet
  error: 2 plat 8 at (81): 'vert': output parameter 'o' not completely initialized
  error: 1 plat 8 at (110): implicit truncation of vector type
  api=8 type=0 insize=6445 outsize=0 kw=DIRECTIONAL SHADOWS_SCREEN LIGHTMAP_OFF DIRLIGHTMAP_OFF VERTEXLIGHT_ON ok=0
Cmd: compileSnippet
  error: 2 plat 8 at (81): 'vert': output parameter 'o' not completely initialized
  error: 1 plat 8 at (110): implicit truncation of vector type
  api=8 type=0 insize=4265 outsize=0 kw=POINT_COOKIE ok=0
Cmd: compileSnippet
  error: 2 plat 8 at (81): 'vert': output parameter 'o' not completely initialized
  error: 1 plat 8 at (110): implicit truncation of vector type
  api=8 type=0 insize=4194 outsize=0 kw= ok=0
Cmd: compileSnippet
  error: 2 plat 8 at (81): 'vert': output parameter 'o' not completely initialized
  error: 1 plat 8 at (110): implicit truncation of vector type
  api=8 type=0 insize=5942 outsize=0 kw=LIGHTMAP_OFF DIRLIGHTMAP_OFF HDR_LIGHT_PREPASS_OFF ok=0
Cmd: compileSnippet
  error: 2 plat 4 at (81): 'vert': output parameter 'o' not completely initialized
  error: 1 plat 4 at (110): implicit truncation of vector type
  api=4 type=0 insize=6445 outsize=0 kw=DIRECTIONAL SHADOWS_SCREEN LIGHTMAP_OFF DIRLIGHTMAP_OFF ok=0
Cmd: compileSnippet
  error: 2 plat 8 at (81): 'vert': output parameter 'o' not completely initialized
  error: 1 plat 8 at (110): implicit truncation of vector type
  api=8 type=0 insize=6445 outsize=0 kw=DIRECTIONAL SHADOWS_OFF LIGHTMAP_OFF DIRLIGHTMAP_OFF VERTEXLIGHT_ON ok=0
Cmd: compileSnippet
  error: 2 plat 4 at (81): 'vert': output parameter 'o' not completely initialized
  error: 1 plat 4 at (110): implicit truncation of vector type
  api=4 type=0 insize=4265 outsize=0 kw=POINT_COOKIE ok=0
Cmd: compileSnippet
  error: 2 plat 4 at (81): 'vert': output parameter 'o' not completely initialized
  error: 1 plat 4 at (110): implicit truncation of vector type
  api=4 type=0 insize=5942 outsize=0 kw=LIGHTMAP_ON DIRLIGHTMAP_OFF HDR_LIGHT_PREPASS_ON ok=0
Cmd: compileSnippet
  error: 2 plat 8 at (81): 'vert': output parameter 'o' not completely initialized
  error: 1 plat 8 at (110): implicit truncation of vector type
  api=8 type=0 insize=6445 outsize=0 kw=DIRECTIONAL SHADOWS_SCREEN LIGHTMAP_ON DIRLIGHTMAP_OFF ok=0
Cmd: compileSnippet
  error: 2 plat 4 at (81): 'vert': output parameter 'o' not completely initialized
  error: 1 plat 4 at (110): implicit truncation of vector type
  api=4 type=0 insize=4265 outsize=0 kw=POINT ok=0
Cmd: compileSnippet
  error: 2 plat 8 at (81): 'vert': output parameter 'o' not completely initialized
  error: 1 plat 8 at (110): implicit truncation of vector type
  api=8 type=0 insize=4194 outsize=0 kw= ok=0
Cmd: compileSnippet
  error: 2 plat 4 at (81): 'vert': output parameter 'o' not completely initialized
  error: 1 plat 4 at (110): implicit truncation of vector type
  api=4 type=0 insize=5942 outsize=0 kw=LIGHTMAP_ON DIRLIGHTMAP_OFF HDR_LIGHT_PREPASS_ON ok=0
Cmd: compileSnippet
  error: 2 plat 8 at (81): 'vert': output parameter 'o' not completely initialized
  error: 1 plat 8 at (110): implicit truncation of vector type
  api=8 type=0 insize=6445 outsize=0 kw=DIRECTIONAL SHADOWS_SCREEN LIGHTMAP_ON DIRLIGHTMAP_OFF ok=0
Cmd: compileSnippet
  error: 2 plat 4 at (81): 'vert': output parameter 'o' not completely initialized
  error: 1 plat 4 at (110): implicit truncation of vector type
  api=4 type=0 insize=4265 outsize=0 kw=POINT_COOKIE ok=0
Cmd: compileSnippet
  error: 2 plat 4 at (81): 'vert': output parameter 'o' not completely initialized
  error: 1 plat 4 at (110): implicit truncation of vector type
  api=4 type=0 insize=5942 outsize=0 kw=LIGHTMAP_ON DIRLIGHTMAP_OFF HDR_LIGHT_PREPASS_ON ok=0
Cmd: compileSnippet
  error: 2 plat 4 at (81): 'vert': output parameter 'o' not completely initialized
  error: 1 plat 4 at (110): implicit truncation of vector type
  api=4 type=0 insize=6445 outsize=0 kw=DIRECTIONAL SHADOWS_SCREEN LIGHTMAP_ON DIRLIGHTMAP_OFF ok=0
Cmd: compileSnippet
  error: 2 plat 8 at (81): 'vert': output parameter 'o' not completely initialized
  error: 1 plat 8 at (110): implicit truncation of vector type
  api=8 type=0 insize=4265 outsize=0 kw=POINT ok=0
Cmd: compileSnippet
  error: 2 plat 4 at (81): 'vert': output parameter 'o' not completely initialized
  error: 1 plat 4 at (110): implicit truncation of vector type
  api=4 type=0 insize=5942 outsize=0 kw=LIGHTMAP_ON DIRLIGHTMAP_OFF HDR_LIGHT_PREPASS_ON ok=0
Cmd: compileSnippet
  error: 2 plat 4 at (81): 'vert': output parameter 'o' not completely initialized
  error: 1 plat 4 at (110): implicit truncation of vector type
  api=4 type=0 insize=4265 outsize=0 kw=POINT_COOKIE ok=0
